2026-04-14 09:51:03 | WARNING  | Request done without an API Key.
2026-04-14 09:51:33 | INFO     | API Key authenticated for app: admin_test
2026-04-14 09:51:33 | INFO     | Listed collections for app: admin_test, total_collections: 0
2026-04-14 09:51:53 | INFO     | API Key authenticated for app: admin_test
2026-04-14 09:52:09 | INFO     | API Key authenticated for app: admin_test
2026-04-14 09:52:09 | INFO     | Uploading file: Informe-Ejecutivo-Renovacion-de-la-interseccion-Maximo-Gomez-27-de-Febrero.pdf to collection: ingenieria for app: admin_test
2026-04-14 09:52:10 | INFO     | Uploaded file: Informe-Ejecutivo-Renovacion-de-la-interseccion-Maximo-Gomez-27-de-Febrero.pdf to collection: ingenieria for app: admin_test
2026-04-14 09:52:16 | INFO     | API Key authenticated for app: admin_test
2026-04-14 09:52:16 | INFO     | Listed collections for app: admin_test, total_collections: 1
2026-04-14 09:54:45 | INFO     | API Key authenticated for app: admin_test
2026-04-14 09:54:45 | INFO     | Streaming RAG answer for app: admin_test, collection: ingenieria
2026-04-14 10:04:31 | INFO     | API Key authenticated for app: admin_test
2026-04-14 10:04:31 | INFO     | Streaming RAG answer for app: admin_test, collection: ingenieria
2026-04-14 10:06:12 | INFO     | API Key authenticated for app: admin_test
2026-04-14 10:06:12 | INFO     | Streaming RAG answer for app: admin_test, collection: ingenieria
2026-04-14 10:07:37 | INFO     | API Key authenticated for app: admin_test
2026-04-14 10:07:37 | INFO     | Streaming RAG answer for app: admin_test, collection: ingenieria
2026-04-14 10:08:22 | INFO     | API Key authenticated for app: admin_test
2026-04-14 10:08:22 | INFO     | Streaming RAG answer for app: admin_test, collection: ingenieria
2026-04-14 10:13:30 | INFO     | API Key authenticated for app: admin_test
2026-04-14 10:13:54 | INFO     | Streaming RAG answer for app: admin_test, collection: ingenieria
2026-04-14 10:15:36 | INFO     | API Key authenticated for app: admin_test
2026-04-14 10:15:41 | INFO     | Streaming RAG answer for app: admin_test, collection: ingenieria
2026-04-14 10:25:30 | INFO     | API Key authenticated for app: admin_test
2026-04-14 10:26:03 | INFO     | Streaming RAG answer for app: admin_test, collection: ingenieria
2026-04-14 10:31:48 | INFO     | API Key authenticated for app: admin_test
2026-04-14 10:32:13 | INFO     | Streaming RAG answer for app: admin_test, collection: ingenieria
2026-04-14 10:36:03 | INFO     | API Key authenticated for app: admin_test
2026-04-14 10:36:03 | INFO     | Listed files in collection: ingenieria for app: admin_test, total_files: 2
2026-04-14 10:47:01 | INFO     | API Key authenticated for app: admin_test
2026-04-14 10:47:01 | INFO     | Listed collections for app: admin_test, total_collections: 1
2026-04-14 10:48:27 | INFO     | API Key authenticated for app: admin_test
2026-04-14 10:48:27 | INFO     | Listed files in collection: ingenieria for app: admin_test, total_files: 2
2026-04-14 10:48:42 | INFO     | API Key authenticated for app: admin_test
